--------------------------------------------------------------------------------
Release 13.4 Trace  (lin64)
Copyright (c) 1995-2011 Xilinx, Inc.  All rights reserved.

/opt/Xilinx/13.4/ISE_DS/ISE/bin/lin64/unwrapped/trce -intstyle ise -v 3 -s 5 -n
3 -fastpaths -xml ripple4bit.twx ripple4bit.ncd -o ripple4bit.twr
ripple4bit.pcf

Design file:              ripple4bit.ncd
Physical constraint file: ripple4bit.pcf
Device,package,speed:     xc3s500e,fg320,-5 (PRODUCTION 1.27 2012-01-07)
Report level:             verbose report

Environment Variable      Effect 
--------------------      ------ 
NONE                      No environment variables were set
--------------------------------------------------------------------------------

INFO:Timing:2698 - No timing constraints found, doing default enumeration.
INFO:Timing:3412 - To improve timing, see the Timing Closure User Guide (UG612).
INFO:Timing:2752 - To get complete path coverage, use the unconstrained paths 
   option. All paths that are not constrained will be reported in the 
   unconstrained paths section(s) of the report.
INFO:Timing:3339 - The clock-to-out numbers in this timing report are based on 
   a 50 Ohm transmission line loading model.  For the details of this model, 
   and for more information on accounting for different loading conditions, 
   please see the device datasheet.
INFO:Timing:3390 - This architecture does not support a default System Jitter 
   value, please add SYSTEM_JITTER constraint to the UCF to modify the Clock 
   Uncertainty calculation.
INFO:Timing:3389 - This architecture does not support 'Discrete Jitter' and 
   'Phase Error' calculations, these terms will be zero in the Clock 
   Uncertainty calculation.  Please make appropriate modification to 
   SYSTEM_JITTER to account for the unsupported Discrete Jitter and Phase 
   Error.



Data Sheet report:
-----------------
All values displayed in nanoseconds (ns)

Pad to Pad
---------------+---------------+---------+
Source Pad     |Destination Pad|  Delay  |
---------------+---------------+---------+
A<0>           |Cout           |    8.052|
A<0>           |S<0>           |    5.311|
A<0>           |S<1>           |    6.747|
A<0>           |S<2>           |    7.426|
A<0>           |S<3>           |    8.807|
A<1>           |Cout           |    7.136|
A<1>           |S<1>           |    5.865|
A<1>           |S<2>           |    6.510|
A<1>           |S<3>           |    7.891|
A<2>           |Cout           |    6.140|
A<2>           |S<2>           |    5.514|
A<2>           |S<3>           |    6.895|
A<3>           |Cout           |    5.512|
A<3>           |S<3>           |    5.872|
B<0>           |Cout           |    7.820|
B<0>           |S<0>           |    5.298|
B<0>           |S<1>           |    6.515|
B<0>           |S<2>           |    7.194|
B<0>           |S<3>           |    8.575|
B<1>           |Cout           |    7.545|
B<1>           |S<1>           |    6.245|
B<1>           |S<2>           |    6.919|
B<1>           |S<3>           |    8.300|
B<2>           |Cout           |    6.647|
B<2>           |S<2>           |    6.021|
B<2>           |S<3>           |    7.402|
B<3>           |Cout           |    5.813|
B<3>           |S<3>           |    5.927|
C0             |Cout           |    8.257|
C0             |S<0>           |    5.738|
C0             |S<1>           |    6.952|
C0             |S<2>           |    7.631|
C0             |S<3>           |    9.012|
---------------+---------------+---------+


Analysis completed Fri Sep 27 19:44:00 2019 
--------------------------------------------------------------------------------

Trace Settings:
-------------------------
Trace Settings 

Peak Memory Usage: 347 MB



