--------------------------------------------------------------------------------
Release 13.4 Trace  (lin64)
Copyright (c) 1995-2011 Xilinx, Inc.  All rights reserved.

/opt/Xilinx/13.4/ISE_DS/ISE/bin/lin64/unwrapped/trce -intstyle ise -v 3 -s 5 -n
3 -fastpaths -xml lookahead4bit.twx lookahead4bit.ncd -o lookahead4bit.twr
lookahead4bit.pcf

Design file:              lookahead4bit.ncd
Physical constraint file: lookahead4bit.pcf
Device,package,speed:     xc3s500e,fg320,-5 (PRODUCTION 1.27 2012-01-07)
Report level:             verbose report

Environment Variable      Effect 
--------------------      ------ 
NONE                      No environment variables were set
--------------------------------------------------------------------------------

INFO:Timing:2698 - No timing constraints found, doing default enumeration.
INFO:Timing:3412 - To improve timing, see the Timing Closure User Guide (UG612).
INFO:Timing:2752 - To get complete path coverage, use the unconstrained paths 
   option. All paths that are not constrained will be reported in the 
   unconstrained paths section(s) of the report.
INFO:Timing:3339 - The clock-to-out numbers in this timing report are based on 
   a 50 Ohm transmission line loading model.  For the details of this model, 
   and for more information on accounting for different loading conditions, 
   please see the device datasheet.
INFO:Timing:3390 - This architecture does not support a default System Jitter 
   value, please add SYSTEM_JITTER constraint to the UCF to modify the Clock 
   Uncertainty calculation.
INFO:Timing:3389 - This architecture does not support 'Discrete Jitter' and 
   'Phase Error' calculations, these terms will be zero in the Clock 
   Uncertainty calculation.  Please make appropriate modification to 
   SYSTEM_JITTER to account for the unsupported Discrete Jitter and Phase 
   Error.



Data Sheet report:
-----------------
All values displayed in nanoseconds (ns)

Pad to Pad
---------------+---------------+---------+
Source Pad     |Destination Pad|  Delay  |
---------------+---------------+---------+
a<0>           |c_out          |    7.917|
a<0>           |s<0>           |    6.213|
a<0>           |s<1>           |    5.964|
a<0>           |s<2>           |    7.197|
a<0>           |s<3>           |    8.145|
a<1>           |c_out          |    7.678|
a<1>           |s<1>           |    5.609|
a<1>           |s<2>           |    6.958|
a<1>           |s<3>           |    7.906|
a<2>           |c_out          |    6.614|
a<2>           |s<2>           |    6.075|
a<2>           |s<3>           |    6.842|
a<3>           |c_out          |    5.936|
a<3>           |s<3>           |    5.996|
b<0>           |c_out          |    8.510|
b<0>           |s<0>           |    5.280|
b<0>           |s<1>           |    6.403|
b<0>           |s<2>           |    7.790|
b<0>           |s<3>           |    8.738|
b<1>           |c_out          |    7.686|
b<1>           |s<1>           |    5.760|
b<1>           |s<2>           |    6.966|
b<1>           |s<3>           |    7.914|
b<2>           |c_out          |    6.949|
b<2>           |s<2>           |    6.362|
b<2>           |s<3>           |    7.177|
b<3>           |c_out          |    5.899|
b<3>           |s<3>           |    5.729|
c_in           |c_out          |    7.954|
c_in           |s<0>           |    5.422|
c_in           |s<1>           |    6.473|
c_in           |s<2>           |    7.234|
c_in           |s<3>           |    8.182|
---------------+---------------+---------+


Analysis completed Sun Sep 29 16:47:08 2019 
--------------------------------------------------------------------------------

Trace Settings:
-------------------------
Trace Settings 

Peak Memory Usage: 346 MB



