--------------------------------------------------------------------------------
Release 13.4 Trace  (lin64)
Copyright (c) 1995-2011 Xilinx, Inc.  All rights reserved.

/opt/Xilinx/13.4/ISE_DS/ISE/bin/lin64/unwrapped/trce -intstyle ise -v 3 -s 5 -n
3 -fastpaths -xml lookahead16bit.twx lookahead16bit.ncd -o lookahead16bit.twr
lookahead16bit.pcf

Design file:              lookahead16bit.ncd
Physical constraint file: lookahead16bit.pcf
Device,package,speed:     xc3s500e,fg320,-5 (PRODUCTION 1.27 2012-01-07)
Report level:             verbose report

Environment Variable      Effect 
--------------------      ------ 
NONE                      No environment variables were set
--------------------------------------------------------------------------------

INFO:Timing:2698 - No timing constraints found, doing default enumeration.
INFO:Timing:3412 - To improve timing, see the Timing Closure User Guide (UG612).
INFO:Timing:2752 - To get complete path coverage, use the unconstrained paths 
   option. All paths that are not constrained will be reported in the 
   unconstrained paths section(s) of the report.
INFO:Timing:3339 - The clock-to-out numbers in this timing report are based on 
   a 50 Ohm transmission line loading model.  For the details of this model, 
   and for more information on accounting for different loading conditions, 
   please see the device datasheet.
INFO:Timing:3390 - This architecture does not support a default System Jitter 
   value, please add SYSTEM_JITTER constraint to the UCF to modify the Clock 
   Uncertainty calculation.
INFO:Timing:3389 - This architecture does not support 'Discrete Jitter' and 
   'Phase Error' calculations, these terms will be zero in the Clock 
   Uncertainty calculation.  Please make appropriate modification to 
   SYSTEM_JITTER to account for the unsupported Discrete Jitter and Phase 
   Error.



Data Sheet report:
-----------------
All values displayed in nanoseconds (ns)

Pad to Pad
---------------+---------------+---------+
Source Pad     |Destination Pad|  Delay  |
---------------+---------------+---------+
a<0>           |c_out          |   17.826|
a<0>           |s<0>           |    7.390|
a<0>           |s<1>           |    8.600|
a<0>           |s<2>           |    9.602|
a<0>           |s<3>           |   10.023|
a<0>           |s<4>           |   11.482|
a<0>           |s<5>           |   11.784|
a<0>           |s<6>           |   12.852|
a<0>           |s<7>           |   13.415|
a<0>           |s<8>           |   12.604|
a<0>           |s<9>           |   12.177|
a<0>           |s<10>          |   13.421|
a<0>           |s<11>          |   13.737|
a<0>           |s<12>          |   15.275|
a<0>           |s<13>          |   15.668|
a<0>           |s<14>          |   16.812|
a<0>           |s<15>          |   17.868|
a<1>           |c_out          |   16.086|
a<1>           |s<1>           |    6.860|
a<1>           |s<2>           |    7.681|
a<1>           |s<3>           |    8.102|
a<1>           |s<4>           |    9.561|
a<1>           |s<5>           |    9.863|
a<1>           |s<6>           |   10.931|
a<1>           |s<7>           |   11.494|
a<1>           |s<8>           |   10.864|
a<1>           |s<9>           |   10.437|
a<1>           |s<10>          |   11.681|
a<1>           |s<11>          |   11.997|
a<1>           |s<12>          |   13.535|
a<1>           |s<13>          |   13.928|
a<1>           |s<14>          |   15.072|
a<1>           |s<15>          |   16.128|
a<2>           |c_out          |   16.109|
a<2>           |s<2>           |    6.548|
a<2>           |s<3>           |    7.193|
a<2>           |s<4>           |    9.011|
a<2>           |s<5>           |    9.313|
a<2>           |s<6>           |   10.381|
a<2>           |s<7>           |   10.944|
a<2>           |s<8>           |   10.887|
a<2>           |s<9>           |   10.460|
a<2>           |s<10>          |   11.704|
a<2>           |s<11>          |   12.020|
a<2>           |s<12>          |   13.558|
a<2>           |s<13>          |   13.951|
a<2>           |s<14>          |   15.095|
a<2>           |s<15>          |   16.151|
a<3>           |c_out          |   15.316|
a<3>           |s<3>           |    6.652|
a<3>           |s<4>           |    8.180|
a<3>           |s<5>           |    8.482|
a<3>           |s<6>           |    9.550|
a<3>           |s<7>           |   10.113|
a<3>           |s<8>           |   10.094|
a<3>           |s<9>           |    9.667|
a<3>           |s<10>          |   10.911|
a<3>           |s<11>          |   11.227|
a<3>           |s<12>          |   12.765|
a<3>           |s<13>          |   13.158|
a<3>           |s<14>          |   14.302|
a<3>           |s<15>          |   15.358|
a<4>           |c_out          |   14.281|
a<4>           |s<4>           |    7.581|
a<4>           |s<5>           |    7.480|
a<4>           |s<6>           |    8.922|
a<4>           |s<7>           |    9.485|
a<4>           |s<8>           |    9.059|
a<4>           |s<9>           |    8.632|
a<4>           |s<10>          |    9.876|
a<4>           |s<11>          |   10.192|
a<4>           |s<12>          |   11.730|
a<4>           |s<13>          |   12.123|
a<4>           |s<14>          |   13.267|
a<4>           |s<15>          |   14.323|
a<5>           |c_out          |   14.678|
a<5>           |s<5>           |    7.734|
a<5>           |s<6>           |    8.047|
a<5>           |s<7>           |    8.516|
a<5>           |s<8>           |    9.456|
a<5>           |s<9>           |    9.029|
a<5>           |s<10>          |   10.273|
a<5>           |s<11>          |   10.589|
a<5>           |s<12>          |   12.127|
a<5>           |s<13>          |   12.520|
a<5>           |s<14>          |   13.664|
a<5>           |s<15>          |   14.720|
a<6>           |c_out          |   13.625|
a<6>           |s<6>           |    8.464|
a<6>           |s<7>           |    7.713|
a<6>           |s<8>           |    8.403|
a<6>           |s<9>           |    7.976|
a<6>           |s<10>          |    9.220|
a<6>           |s<11>          |    9.536|
a<6>           |s<12>          |   11.074|
a<6>           |s<13>          |   11.467|
a<6>           |s<14>          |   12.611|
a<6>           |s<15>          |   13.667|
a<7>           |c_out          |   13.292|
a<7>           |s<7>           |    7.155|
a<7>           |s<8>           |    8.070|
a<7>           |s<9>           |    7.643|
a<7>           |s<10>          |    8.887|
a<7>           |s<11>          |    9.203|
a<7>           |s<12>          |   10.741|
a<7>           |s<13>          |   11.134|
a<7>           |s<14>          |   12.278|
a<7>           |s<15>          |   13.334|
a<8>           |c_out          |   12.308|
a<8>           |s<8>           |    6.439|
a<8>           |s<9>           |    7.380|
a<8>           |s<10>          |    8.604|
a<8>           |s<11>          |    8.219|
a<8>           |s<12>          |    9.757|
a<8>           |s<13>          |   10.150|
a<8>           |s<14>          |   11.294|
a<8>           |s<15>          |   12.350|
a<9>           |c_out          |   12.214|
a<9>           |s<9>           |    6.686|
a<9>           |s<10>          |    7.910|
a<9>           |s<11>          |    8.125|
a<9>           |s<12>          |    9.663|
a<9>           |s<13>          |   10.056|
a<9>           |s<14>          |   11.200|
a<9>           |s<15>          |   12.256|
a<10>          |c_out          |   10.668|
a<10>          |s<10>          |    6.444|
a<10>          |s<11>          |    6.579|
a<10>          |s<12>          |    8.117|
a<10>          |s<13>          |    8.510|
a<10>          |s<14>          |    9.654|
a<10>          |s<15>          |   10.710|
a<11>          |c_out          |   10.103|
a<11>          |s<11>          |    5.863|
a<11>          |s<12>          |    7.552|
a<11>          |s<13>          |    7.945|
a<11>          |s<14>          |    9.089|
a<11>          |s<15>          |   10.145|
a<12>          |c_out          |    9.029|
a<12>          |s<12>          |    6.833|
a<12>          |s<13>          |    6.837|
a<12>          |s<14>          |    7.993|
a<12>          |s<15>          |    9.071|
a<13>          |c_out          |    8.690|
a<13>          |s<13>          |    7.418|
a<13>          |s<14>          |    8.331|
a<13>          |s<15>          |    8.732|
a<14>          |c_out          |    7.405|
a<14>          |s<14>          |    6.536|
a<14>          |s<15>          |    7.447|
a<15>          |c_out          |    6.598|
a<15>          |s<15>          |    6.492|
b<0>           |c_out          |   16.462|
b<0>           |s<0>           |    7.114|
b<0>           |s<1>           |    7.236|
b<0>           |s<2>           |    8.095|
b<0>           |s<3>           |    8.516|
b<0>           |s<4>           |    9.975|
b<0>           |s<5>           |   10.277|
b<0>           |s<6>           |   11.345|
b<0>           |s<7>           |   11.908|
b<0>           |s<8>           |   11.240|
b<0>           |s<9>           |   10.813|
b<0>           |s<10>          |   12.057|
b<0>           |s<11>          |   12.373|
b<0>           |s<12>          |   13.911|
b<0>           |s<13>          |   14.304|
b<0>           |s<14>          |   15.448|
b<0>           |s<15>          |   16.504|
b<1>           |c_out          |   16.364|
b<1>           |s<1>           |    7.138|
b<1>           |s<2>           |    8.113|
b<1>           |s<3>           |    8.534|
b<1>           |s<4>           |    9.993|
b<1>           |s<5>           |   10.295|
b<1>           |s<6>           |   11.363|
b<1>           |s<7>           |   11.926|
b<1>           |s<8>           |   11.142|
b<1>           |s<9>           |   10.715|
b<1>           |s<10>          |   11.959|
b<1>           |s<11>          |   12.275|
b<1>           |s<12>          |   13.813|
b<1>           |s<13>          |   14.206|
b<1>           |s<14>          |   15.350|
b<1>           |s<15>          |   16.406|
b<2>           |c_out          |   15.780|
b<2>           |s<2>           |    6.720|
b<2>           |s<3>           |    6.790|
b<2>           |s<4>           |    8.328|
b<2>           |s<5>           |    8.630|
b<2>           |s<6>           |    9.698|
b<2>           |s<7>           |   10.261|
b<2>           |s<8>           |   10.558|
b<2>           |s<9>           |   10.131|
b<2>           |s<10>          |   11.375|
b<2>           |s<11>          |   11.691|
b<2>           |s<12>          |   13.229|
b<2>           |s<13>          |   13.622|
b<2>           |s<14>          |   14.766|
b<2>           |s<15>          |   15.822|
b<3>           |c_out          |   14.964|
b<3>           |s<3>           |    6.010|
b<3>           |s<4>           |    7.992|
b<3>           |s<5>           |    8.294|
b<3>           |s<6>           |    9.362|
b<3>           |s<7>           |    9.925|
b<3>           |s<8>           |    9.742|
b<3>           |s<9>           |    9.315|
b<3>           |s<10>          |   10.559|
b<3>           |s<11>          |   10.875|
b<3>           |s<12>          |   12.413|
b<3>           |s<13>          |   12.806|
b<3>           |s<14>          |   13.950|
b<3>           |s<15>          |   15.006|
b<4>           |c_out          |   13.895|
b<4>           |s<4>           |    6.659|
b<4>           |s<5>           |    6.978|
b<4>           |s<6>           |    7.995|
b<4>           |s<7>           |    8.558|
b<4>           |s<8>           |    8.673|
b<4>           |s<9>           |    8.246|
b<4>           |s<10>          |    9.490|
b<4>           |s<11>          |    9.806|
b<4>           |s<12>          |   11.344|
b<4>           |s<13>          |   11.737|
b<4>           |s<14>          |   12.881|
b<4>           |s<15>          |   13.937|
b<5>           |c_out          |   13.772|
b<5>           |s<5>           |    7.009|
b<5>           |s<6>           |    7.140|
b<5>           |s<7>           |    7.790|
b<5>           |s<8>           |    8.550|
b<5>           |s<9>           |    8.123|
b<5>           |s<10>          |    9.367|
b<5>           |s<11>          |    9.683|
b<5>           |s<12>          |   11.221|
b<5>           |s<13>          |   11.614|
b<5>           |s<14>          |   12.758|
b<5>           |s<15>          |   13.814|
b<6>           |c_out          |   13.126|
b<6>           |s<6>           |    6.928|
b<6>           |s<7>           |    7.344|
b<6>           |s<8>           |    7.904|
b<6>           |s<9>           |    7.477|
b<6>           |s<10>          |    8.721|
b<6>           |s<11>          |    9.037|
b<6>           |s<12>          |   10.575|
b<6>           |s<13>          |   10.968|
b<6>           |s<14>          |   12.112|
b<6>           |s<15>          |   13.168|
b<7>           |c_out          |   12.735|
b<7>           |s<7>           |    6.591|
b<7>           |s<8>           |    7.513|
b<7>           |s<9>           |    7.086|
b<7>           |s<10>          |    8.330|
b<7>           |s<11>          |    8.646|
b<7>           |s<12>          |   10.184|
b<7>           |s<13>          |   10.577|
b<7>           |s<14>          |   11.721|
b<7>           |s<15>          |   12.777|
b<8>           |c_out          |   12.256|
b<8>           |s<8>           |    6.242|
b<8>           |s<9>           |    7.426|
b<8>           |s<10>          |    8.650|
b<8>           |s<11>          |    8.167|
b<8>           |s<12>          |    9.705|
b<8>           |s<13>          |   10.098|
b<8>           |s<14>          |   11.242|
b<8>           |s<15>          |   12.298|
b<9>           |c_out          |   11.916|
b<9>           |s<9>           |    6.119|
b<9>           |s<10>          |    7.511|
b<9>           |s<11>          |    7.827|
b<9>           |s<12>          |    9.365|
b<9>           |s<13>          |    9.758|
b<9>           |s<14>          |   10.902|
b<9>           |s<15>          |   11.958|
b<10>          |c_out          |   10.376|
b<10>          |s<10>          |    6.027|
b<10>          |s<11>          |    6.287|
b<10>          |s<12>          |    7.825|
b<10>          |s<13>          |    8.218|
b<10>          |s<14>          |    9.362|
b<10>          |s<15>          |   10.418|
b<11>          |c_out          |    9.328|
b<11>          |s<11>          |    5.594|
b<11>          |s<12>          |    6.777|
b<11>          |s<13>          |    7.170|
b<11>          |s<14>          |    8.314|
b<11>          |s<15>          |    9.370|
b<12>          |c_out          |    8.749|
b<12>          |s<12>          |    5.781|
b<12>          |s<13>          |    6.586|
b<12>          |s<14>          |    7.521|
b<12>          |s<15>          |    8.791|
b<13>          |c_out          |    8.055|
b<13>          |s<13>          |    6.205|
b<13>          |s<14>          |    7.122|
b<13>          |s<15>          |    8.097|
b<14>          |c_out          |    6.837|
b<14>          |s<14>          |    5.867|
b<14>          |s<15>          |    6.879|
b<15>          |c_out          |    5.969|
b<15>          |s<15>          |    6.000|
c_in           |s<0>           |    7.340|
c_in           |s<1>           |    7.210|
c_in           |s<2>           |    8.658|
c_in           |s<3>           |    9.079|
c_in           |s<4>           |   10.538|
c_in           |s<5>           |   10.840|
c_in           |s<6>           |   11.908|
c_in           |s<7>           |   12.471|
---------------+---------------+---------+


Analysis completed Mon Sep 30 12:20:51 2019 
--------------------------------------------------------------------------------

Trace Settings:
-------------------------
Trace Settings 

Peak Memory Usage: 347 MB



